2022-01-24 11:20:56.694[info] app start
2022-01-24 11:21:13.414[info] app start
2022-01-24 11:21:25.578[info] app start
2022-01-24 11:21:27.811[info] app start
2022-01-24 11:24:45.898[info] app start
2022-01-24 11:24:50.937[info] app start
2022-01-24 11:26:09.752[info] app start
2022-01-24 13:06:41.004[info] app start
2022-01-24 13:09:46.213[info] app start
2022-01-24 13:09:51.332[error] this message is error
2022-01-24 13:09:51.333[warn] this message is warn
2022-01-24 13:09:51.333[info] this message is info
2022-01-24 13:09:51.333[verbose] this message is verbose
2022-01-24 13:09:51.334[debug] this message is debug
2022-01-24 13:10:05.814[info] app start
2022-01-24 13:10:06.744[error] this message is error
2022-01-24 13:10:06.745[warn] this message is warn
2022-01-24 13:10:06.746[info] this message is info
2022-01-24 13:10:06.747[verbose] this message is verbose
2022-01-24 13:10:06.748[debug] this message is debug
2022-01-24 13:10:07.346[error] this message is error
2022-01-24 13:10:07.347[warn] this message is warn
2022-01-24 13:10:07.347[info] this message is info
2022-01-24 13:10:07.349[verbose] this message is verbose
2022-01-24 13:10:07.349[debug] this message is debug
2022-01-24 13:10:15.758[error] this message is error
2022-01-24 13:10:15.759[warn] this message is warn
2022-01-24 13:10:15.760[info] this message is info
2022-01-24 13:10:15.761[verbose] this message is verbose
2022-01-24 13:10:15.761[debug] this message is debug
2022-01-24 13:10:25.850[info] app start
2022-01-24 13:10:33.832[error] this message is error
2022-01-24 13:10:33.833[warn] this message is warn
2022-01-24 13:10:33.833[info] this message is info
2022-01-24 13:10:33.834[verbose] this message is verbose
2022-01-24 13:10:33.834[debug] this message is debug
2022-01-24 13:10:37.430[error] this message is error
2022-01-24 13:10:37.431[warn] this message is warn
2022-01-24 13:10:37.432[info] this message is info
2022-01-24 13:10:37.432[verbose] this message is verbose
2022-01-24 13:10:37.433[debug] this message is debug
2022-01-24 13:11:22.890[info] app start
2022-01-24 13:11:26.193[error] this message is error
2022-01-24 13:11:26.194[warn] this message is warn
2022-01-24 13:11:26.195[info] this message is info
2022-01-24 13:11:26.196[verbose] this message is verbose
2022-01-24 13:11:26.197[debug] this message is debug
2022-01-24 13:16:42.716[info] app start
2022-01-24 13:16:55.256[info] app start
2022-01-24 13:16:57.869[debug] debug
2022-01-24 13:23:03.194[info] app start
2022-01-24 13:24:50.288[info] app start
2022-01-24 13:25:13.402[info] app start
2022-01-24 13:27:35.069[debug] debug
2022-01-24 13:28:32.923[info] app start
2022-01-24 13:30:04.926[info] app start
2022-01-24 13:30:24.520[info] app start
2022-01-24 13:30:35.799[info] app start
2022-01-24 13:30:47.000[info] app start
2022-01-24 13:31:05.157[info] app start
2022-01-24 16:08:31.538[info] app start
2022-01-24 16:08:44.099[info] app start
2022-01-24 16:09:31.415[info] app start
2022-01-24 16:09:54.276[info] app start
2022-01-24 16:09:58.858[info] app start
2022-01-24 16:11:37.957[info] app start
2022-01-24 16:12:12.603[info] app start
2022-01-24 16:12:45.836[info] app start
2022-01-24 16:13:00.621[info] app start
2022-01-24 16:13:55.355[info] app start
2022-01-24 16:14:20.505[info] app start
2022-01-24 16:15:40.447[info] app start
2022-01-24 16:15:50.969[info] app start
2022-01-24 16:16:11.059[info] app start
2022-01-24 16:18:25.824[info] app start
2022-01-24 16:19:02.890[info] app start
2022-01-24 16:19:33.357[info] app start
2022-01-24 16:19:48.351[info] app start
2022-01-24 16:33:03.072[info] app start
2022-01-24 16:33:22.046[info] app start
2022-01-24 16:33:41.981[info] app start
2022-01-24 16:35:30.906[info] app start
2022-01-24 16:36:29.793[info] app start
2022-01-24 16:36:40.495[info] app start
2022-01-24 16:36:46.876[info] app start
2022-01-24 16:36:57.810[info] app start
2022-01-24 16:37:22.293[info] app start
2022-01-24 16:37:37.985[info] app start
2022-01-24 16:38:52.981[info] app start
2022-01-24 16:39:01.565[info] app start
2022-01-24 16:39:25.968[info] app start
2022-01-24 16:39:34.513[info] app start
2022-01-24 16:53:11.757[info] app start
2022-01-24 16:53:16.682[info] app start
2022-01-24 17:00:51.844[info] app start
2022-01-24 17:00:51.892[info] DB connection success
2022-01-24 17:02:16.973[info] app start
2022-01-24 17:02:17.004[info] DB connection success
2022-01-24 17:02:17.020[info] Sequelize sync success
2022-01-24 17:02:54.881[info] app start
2022-01-24 17:02:54.910[info] DB connection success
2022-01-24 17:02:54.919[info] Sequelize sync success
2022-01-24 17:13:40.079[info] app start
2022-01-24 17:13:40.096[error] DB connection fail database "metacamp_dev-" does not exist
2022-01-24 17:13:51.801[info] app start
2022-01-24 17:13:51.834[info] DB connection success
2022-01-24 17:13:51.841[info] Sequelize sync success2022-01-24 17:16:38.915[info] app start
2022-01-24 17:16:38.950[info] DB connection success
2022-01-24 17:16:38.959[info] Sequelize sync success
2022-01-24 17:24:27.825[info] app start
2022-01-24 17:24:27.858[info] DB connection success
2022-01-24 17:24:27.865[info] Sequelize sync success
2022-01-24 17:24:51.161[info] app start
2022-01-24 17:24:51.193[info] DB connection success
2022-01-24 17:24:51.200[info] Sequelize sync success
2022-01-24 17:24:57.588[info] app start
2022-01-24 17:24:57.621[info] DB connection success
2022-01-24 17:24:57.629[info] Sequelize sync success
2022-01-24 17:25:15.119[info] app start
2022-01-24 17:25:15.149[info] DB connection success
2022-01-24 17:25:15.160[info] Sequelize sync success
2022-01-24 17:25:48.362[info] app start
2022-01-24 17:25:48.412[info] DB connection success
2022-01-24 17:25:48.420[info] Sequelize sync success
2022-01-24 17:26:27.984[info] app start
2022-01-24 17:26:28.022[info] DB connection success
2022-01-24 17:26:28.048[info] Sequelize sync success
2022-01-24 17:27:34.125[info] app start
2022-01-24 17:27:34.155[info] DB connection success
2022-01-24 17:27:34.165[info] Sequelize sync success
2022-01-24 17:30:33.102[info] app start
2022-01-24 17:30:33.138[info] DB connection success
2022-01-24 17:30:33.147[info] Sequelize sync success
2022-01-24 17:32:16.646[info] app start
2022-01-24 17:32:16.689[info] DB connection success
2022-01-24 17:32:16.697[info] Sequelize sync success
2022-01-24 17:33:01.168[info] app start
2022-01-24 17:33:01.198[info] DB connection success
2022-01-24 17:33:01.205[info] Sequelize sync success
